2024-04-23T09:14:10.587Z - AggregateError
    at assertValidRuleset (C:\utv\rest-api-profil-lint-processor\node_modules\@stoplight\spectral-core\src\ruleset\validation\assertions.ts:26:11)
    at new Ruleset (C:\utv\rest-api-profil-lint-processor\node_modules\@stoplight\spectral-core\src\ruleset\ruleset.ts:69:25)
    at Spectral.setRuleset (C:\utv\rest-api-profil-lint-processor\node_modules\@stoplight\spectral-core\src\spectral.ts:87:59)
    at RapLPCustomSpectral.setRuleset (file:///C:/utv/rest-api-profil-lint-processor/src/util/RapLPCustomSpectral.ts:22:19)
    at file:///C:/utv/rest-api-profil-lint-processor/src/app.ts:94:20
2024-04-23T09:14:10.603Z - AggregateError
    at assertValidRuleset (C:\utv\rest-api-profil-lint-processor\node_modules\@stoplight\spectral-core\src\ruleset\validation\assertions.ts:26:11)
    at new Ruleset (C:\utv\rest-api-profil-lint-processor\node_modules\@stoplight\spectral-core\src\ruleset\ruleset.ts:69:25)
    at Spectral.setRuleset (C:\utv\rest-api-profil-lint-processor\node_modules\@stoplight\spectral-core\src\spectral.ts:87:59)
    at RapLPCustomSpectral.setRuleset (file:///C:/utv/rest-api-profil-lint-processor/src/util/RapLPCustomSpectral.ts:22:19)
    at file:///C:/utv/rest-api-profil-lint-processor/src/app.ts:94:20
2024-04-23T09:14:55.657Z - AggregateError
    at assertValidRuleset (C:\utv\rest-api-profil-lint-processor\node_modules\@stoplight\spectral-core\src\ruleset\validation\assertions.ts:26:11)
    at new Ruleset (C:\utv\rest-api-profil-lint-processor\node_modules\@stoplight\spectral-core\src\ruleset\ruleset.ts:69:25)
    at Spectral.setRuleset (C:\utv\rest-api-profil-lint-processor\node_modules\@stoplight\spectral-core\src\spectral.ts:87:59)
    at RapLPCustomSpectral.setRuleset (file:///C:/utv/rest-api-profil-lint-processor/src/util/RapLPCustomSpectral.ts:22:19)
    at file:///C:/utv/rest-api-profil-lint-processor/src/app.ts:94:20
2024-04-23T09:14:55.669Z - AggregateError
    at assertValidRuleset (C:\utv\rest-api-profil-lint-processor\node_modules\@stoplight\spectral-core\src\ruleset\validation\assertions.ts:26:11)
    at new Ruleset (C:\utv\rest-api-profil-lint-processor\node_modules\@stoplight\spectral-core\src\ruleset\ruleset.ts:69:25)
    at Spectral.setRuleset (C:\utv\rest-api-profil-lint-processor\node_modules\@stoplight\spectral-core\src\spectral.ts:87:59)
    at RapLPCustomSpectral.setRuleset (file:///C:/utv/rest-api-profil-lint-processor/src/util/RapLPCustomSpectral.ts:22:19)
    at file:///C:/utv/rest-api-profil-lint-processor/src/app.ts:94:20
2024-04-25T11:28:40.588Z - ReferenceError: 'requestBody' is not defined
    at assertDefinedIdentifier (C:\utv\rest-api-profil-lint-processor\node_modules\nimma\dist\legacy\cjs\codegen\baseline\generators.js:245:9)
    at Object.generateFilterScriptExpression (C:\utv\rest-api-profil-lint-processor\node_modules\nimma\dist\legacy\cjs\codegen\baseline\generators.js:105:3)
    at Object.baseline [as default] (C:\utv\rest-api-profil-lint-processor\node_modules\nimma\dist\legacy\cjs\codegen\baseline\index.js:94:33)
    at new Nimma (C:\utv\rest-api-profil-lint-processor\node_modules\nimma\dist\legacy\cjs\core\index.js:43:33)
    at execute (C:\utv\rest-api-profil-lint-processor\node_modules\@stoplight\spectral-core\src\runner\runner.ts:89:17)
    at Runner.run (C:\utv\rest-api-profil-lint-processor\node_modules\@stoplight\spectral-core\src\runner\runner.ts:60:7)
    at Spectral.runWithResolved (C:\utv\rest-api-profil-lint-processor\node_modules\@stoplight\spectral-core\src\spectral.ts:70:18)
    at async Spectral.run (C:\utv\rest-api-profil-lint-processor\node_modules\@stoplight\spectral-core\src\spectral.ts:83:13)
    at async RapLPCustomSpectral.run (file:///C:/utv/rest-api-profil-lint-processor/src/util/RapLPCustomSpectral.ts:28:29)
    at async file:///C:/utv/rest-api-profil-lint-processor/src/app.ts:95:20
2024-04-25T11:28:40.641Z - ReferenceError: 'requestBody' is not defined
    at assertDefinedIdentifier (C:\utv\rest-api-profil-lint-processor\node_modules\nimma\dist\legacy\cjs\codegen\baseline\generators.js:245:9)
    at Object.generateFilterScriptExpression (C:\utv\rest-api-profil-lint-processor\node_modules\nimma\dist\legacy\cjs\codegen\baseline\generators.js:105:3)
    at Object.baseline [as default] (C:\utv\rest-api-profil-lint-processor\node_modules\nimma\dist\legacy\cjs\codegen\baseline\index.js:94:33)
    at new Nimma (C:\utv\rest-api-profil-lint-processor\node_modules\nimma\dist\legacy\cjs\core\index.js:43:33)
    at execute (C:\utv\rest-api-profil-lint-processor\node_modules\@stoplight\spectral-core\src\runner\runner.ts:89:17)
    at Runner.run (C:\utv\rest-api-profil-lint-processor\node_modules\@stoplight\spectral-core\src\runner\runner.ts:60:7)
    at Spectral.runWithResolved (C:\utv\rest-api-profil-lint-processor\node_modules\@stoplight\spectral-core\src\spectral.ts:70:18)
    at async Spectral.run (C:\utv\rest-api-profil-lint-processor\node_modules\@stoplight\spectral-core\src\spectral.ts:83:13)
    at async RapLPCustomSpectral.run (file:///C:/utv/rest-api-profil-lint-processor/src/util/RapLPCustomSpectral.ts:28:29)
    at async file:///C:/utv/rest-api-profil-lint-processor/src/app.ts:95:20
2024-04-25T11:32:12.092Z - AggregateError: Error running Nimma
    at Scope.destroy (C:\utv\rest-api-profil-lint-processor\node_modules\nimma\dist\legacy\cjs\runtime\scope.js:137:13)
    at Nimma.eval (eval at query (C:\utv\rest-api-profil-lint-processor\node_modules\nimma\dist\legacy\cjs\core\index.js:66:71), <anonymous>:25:11)
    at Nimma.query (C:\utv\rest-api-profil-lint-processor\node_modules\nimma\dist\legacy\cjs\core\index.js:68:71)
    at execute (C:\utv\rest-api-profil-lint-processor\node_modules\@stoplight\spectral-core\src\runner\runner.ts:96:9)
    at Runner.run (C:\utv\rest-api-profil-lint-processor\node_modules\@stoplight\spectral-core\src\runner\runner.ts:60:7)
    at Spectral.runWithResolved (C:\utv\rest-api-profil-lint-processor\node_modules\@stoplight\spectral-core\src\spectral.ts:70:18)
    at async Spectral.run (C:\utv\rest-api-profil-lint-processor\node_modules\@stoplight\spectral-core\src\spectral.ts:83:13)
    at async RapLPCustomSpectral.run (file:///C:/utv/rest-api-profil-lint-processor/src/util/RapLPCustomSpectral.ts:28:29)
    at async file:///C:/utv/rest-api-profil-lint-processor/src/app.ts:95:20
2024-04-25T11:32:12.103Z - AggregateError: Error running Nimma
    at Scope.destroy (C:\utv\rest-api-profil-lint-processor\node_modules\nimma\dist\legacy\cjs\runtime\scope.js:137:13)
    at Nimma.eval (eval at query (C:\utv\rest-api-profil-lint-processor\node_modules\nimma\dist\legacy\cjs\core\index.js:66:71), <anonymous>:25:11)
    at Nimma.query (C:\utv\rest-api-profil-lint-processor\node_modules\nimma\dist\legacy\cjs\core\index.js:68:71)
    at execute (C:\utv\rest-api-profil-lint-processor\node_modules\@stoplight\spectral-core\src\runner\runner.ts:96:9)
    at Runner.run (C:\utv\rest-api-profil-lint-processor\node_modules\@stoplight\spectral-core\src\runner\runner.ts:60:7)
    at Spectral.runWithResolved (C:\utv\rest-api-profil-lint-processor\node_modules\@stoplight\spectral-core\src\spectral.ts:70:18)
    at async Spectral.run (C:\utv\rest-api-profil-lint-processor\node_modules\@stoplight\spectral-core\src\spectral.ts:83:13)
    at async RapLPCustomSpectral.run (file:///C:/utv/rest-api-profil-lint-processor/src/util/RapLPCustomSpectral.ts:28:29)
    at async file:///C:/utv/rest-api-profil-lint-processor/src/app.ts:95:20
2024-04-25T11:39:38.031Z - AggregateError
    at assertValidRuleset (C:\utv\rest-api-profil-lint-processor\node_modules\@stoplight\spectral-core\src\ruleset\validation\assertions.ts:26:11)
    at new Ruleset (C:\utv\rest-api-profil-lint-processor\node_modules\@stoplight\spectral-core\src\ruleset\ruleset.ts:69:25)
    at Spectral.setRuleset (C:\utv\rest-api-profil-lint-processor\node_modules\@stoplight\spectral-core\src\spectral.ts:87:59)
    at RapLPCustomSpectral.setRuleset (file:///C:/utv/rest-api-profil-lint-processor/src/util/RapLPCustomSpectral.ts:22:19)
    at file:///C:/utv/rest-api-profil-lint-processor/src/app.ts:94:20
2024-04-25T11:39:38.045Z - AggregateError
    at assertValidRuleset (C:\utv\rest-api-profil-lint-processor\node_modules\@stoplight\spectral-core\src\ruleset\validation\assertions.ts:26:11)
    at new Ruleset (C:\utv\rest-api-profil-lint-processor\node_modules\@stoplight\spectral-core\src\ruleset\ruleset.ts:69:25)
    at Spectral.setRuleset (C:\utv\rest-api-profil-lint-processor\node_modules\@stoplight\spectral-core\src\spectral.ts:87:59)
    at RapLPCustomSpectral.setRuleset (file:///C:/utv/rest-api-profil-lint-processor/src/util/RapLPCustomSpectral.ts:22:19)
    at file:///C:/utv/rest-api-profil-lint-processor/src/app.ts:94:20
2024-04-25T11:40:34.364Z - AggregateError
    at assertValidRuleset (C:\utv\rest-api-profil-lint-processor\node_modules\@stoplight\spectral-core\src\ruleset\validation\assertions.ts:26:11)
    at new Ruleset (C:\utv\rest-api-profil-lint-processor\node_modules\@stoplight\spectral-core\src\ruleset\ruleset.ts:69:25)
    at Spectral.setRuleset (C:\utv\rest-api-profil-lint-processor\node_modules\@stoplight\spectral-core\src\spectral.ts:87:59)
    at RapLPCustomSpectral.setRuleset (file:///C:/utv/rest-api-profil-lint-processor/src/util/RapLPCustomSpectral.ts:22:19)
    at file:///C:/utv/rest-api-profil-lint-processor/src/app.ts:94:20
2024-04-25T11:40:34.379Z - AggregateError
    at assertValidRuleset (C:\utv\rest-api-profil-lint-processor\node_modules\@stoplight\spectral-core\src\ruleset\validation\assertions.ts:26:11)
    at new Ruleset (C:\utv\rest-api-profil-lint-processor\node_modules\@stoplight\spectral-core\src\ruleset\ruleset.ts:69:25)
    at Spectral.setRuleset (C:\utv\rest-api-profil-lint-processor\node_modules\@stoplight\spectral-core\src\spectral.ts:87:59)
    at RapLPCustomSpectral.setRuleset (file:///C:/utv/rest-api-profil-lint-processor/src/util/RapLPCustomSpectral.ts:22:19)
    at file:///C:/utv/rest-api-profil-lint-processor/src/app.ts:94:20
2024-04-25T11:41:33.502Z - AggregateError
    at assertValidRuleset (C:\utv\rest-api-profil-lint-processor\node_modules\@stoplight\spectral-core\src\ruleset\validation\assertions.ts:26:11)
    at new Ruleset (C:\utv\rest-api-profil-lint-processor\node_modules\@stoplight\spectral-core\src\ruleset\ruleset.ts:69:25)
    at Spectral.setRuleset (C:\utv\rest-api-profil-lint-processor\node_modules\@stoplight\spectral-core\src\spectral.ts:87:59)
    at RapLPCustomSpectral.setRuleset (file:///C:/utv/rest-api-profil-lint-processor/src/util/RapLPCustomSpectral.ts:22:19)
    at file:///C:/utv/rest-api-profil-lint-processor/src/app.ts:94:20
2024-04-25T11:41:33.515Z - AggregateError
    at assertValidRuleset (C:\utv\rest-api-profil-lint-processor\node_modules\@stoplight\spectral-core\src\ruleset\validation\assertions.ts:26:11)
    at new Ruleset (C:\utv\rest-api-profil-lint-processor\node_modules\@stoplight\spectral-core\src\ruleset\ruleset.ts:69:25)
    at Spectral.setRuleset (C:\utv\rest-api-profil-lint-processor\node_modules\@stoplight\spectral-core\src\spectral.ts:87:59)
    at RapLPCustomSpectral.setRuleset (file:///C:/utv/rest-api-profil-lint-processor/src/util/RapLPCustomSpectral.ts:22:19)
    at file:///C:/utv/rest-api-profil-lint-processor/src/app.ts:94:20
2024-04-25T11:42:37.868Z - AggregateError
    at assertValidRuleset (C:\utv\rest-api-profil-lint-processor\node_modules\@stoplight\spectral-core\src\ruleset\validation\assertions.ts:26:11)
    at new Ruleset (C:\utv\rest-api-profil-lint-processor\node_modules\@stoplight\spectral-core\src\ruleset\ruleset.ts:69:25)
    at Spectral.setRuleset (C:\utv\rest-api-profil-lint-processor\node_modules\@stoplight\spectral-core\src\spectral.ts:87:59)
    at RapLPCustomSpectral.setRuleset (file:///C:/utv/rest-api-profil-lint-processor/src/util/RapLPCustomSpectral.ts:22:19)
    at file:///C:/utv/rest-api-profil-lint-processor/src/app.ts:94:20
2024-04-25T11:42:37.899Z - AggregateError
    at assertValidRuleset (C:\utv\rest-api-profil-lint-processor\node_modules\@stoplight\spectral-core\src\ruleset\validation\assertions.ts:26:11)
    at new Ruleset (C:\utv\rest-api-profil-lint-processor\node_modules\@stoplight\spectral-core\src\ruleset\ruleset.ts:69:25)
    at Spectral.setRuleset (C:\utv\rest-api-profil-lint-processor\node_modules\@stoplight\spectral-core\src\spectral.ts:87:59)
    at RapLPCustomSpectral.setRuleset (file:///C:/utv/rest-api-profil-lint-processor/src/util/RapLPCustomSpectral.ts:22:19)
    at file:///C:/utv/rest-api-profil-lint-processor/src/app.ts:94:20
2024-04-25T11:46:18.852Z - Error: Error importing rules for category ForRules:, category тип Unable to compile TypeScript:
[96mrulesets/ForRules.ts[0m:[93m48[0m:[93m5[0m - [91merror[0m[90m TS1005: [0m',' expected.

[7m48[0m     {
[7m  [0m [91m    ~[0m

    at importRuleModule (file:///C:/utv/rest-api-profil-lint-processor/src/util/ruleUtil.ts:65:15)
    at async importRulesByCategory (file:///C:/utv/rest-api-profil-lint-processor/src/util/ruleUtil.ts:76:29)
    at async importAndCreateRuleInstances (file:///C:/utv/rest-api-profil-lint-processor/src/util/ruleUtil.ts:98:7)
    at async file:///C:/utv/rest-api-profil-lint-processor/src/app.ts:80:38
2024-04-29T08:16:08.951Z - AggregateError
    at assertValidRuleset (C:\utv\rest-api-profil-lint-processor\node_modules\@stoplight\spectral-core\src\ruleset\validation\assertions.ts:26:11)
    at new Ruleset (C:\utv\rest-api-profil-lint-processor\node_modules\@stoplight\spectral-core\src\ruleset\ruleset.ts:69:25)
    at Spectral.setRuleset (C:\utv\rest-api-profil-lint-processor\node_modules\@stoplight\spectral-core\src\spectral.ts:87:59)
    at RapLPCustomSpectral.setRuleset (file:///C:/utv/rest-api-profil-lint-processor/src/util/RapLPCustomSpectral.ts:22:19)
    at file:///C:/utv/rest-api-profil-lint-processor/src/app.ts:94:20
2024-04-29T08:16:09.004Z - AggregateError
    at assertValidRuleset (C:\utv\rest-api-profil-lint-processor\node_modules\@stoplight\spectral-core\src\ruleset\validation\assertions.ts:26:11)
    at new Ruleset (C:\utv\rest-api-profil-lint-processor\node_modules\@stoplight\spectral-core\src\ruleset\ruleset.ts:69:25)
    at Spectral.setRuleset (C:\utv\rest-api-profil-lint-processor\node_modules\@stoplight\spectral-core\src\spectral.ts:87:59)
    at RapLPCustomSpectral.setRuleset (file:///C:/utv/rest-api-profil-lint-processor/src/util/RapLPCustomSpectral.ts:22:19)
    at file:///C:/utv/rest-api-profil-lint-processor/src/app.ts:94:20
2024-04-29T08:19:51.897Z - AggregateError
    at assertValidRuleset (C:\utv\rest-api-profil-lint-processor\node_modules\@stoplight\spectral-core\src\ruleset\validation\assertions.ts:26:11)
    at new Ruleset (C:\utv\rest-api-profil-lint-processor\node_modules\@stoplight\spectral-core\src\ruleset\ruleset.ts:69:25)
    at Spectral.setRuleset (C:\utv\rest-api-profil-lint-processor\node_modules\@stoplight\spectral-core\src\spectral.ts:87:59)
    at RapLPCustomSpectral.setRuleset (file:///C:/utv/rest-api-profil-lint-processor/src/util/RapLPCustomSpectral.ts:22:19)
    at file:///C:/utv/rest-api-profil-lint-processor/src/app.ts:94:20
2024-04-29T08:19:51.909Z - AggregateError
    at assertValidRuleset (C:\utv\rest-api-profil-lint-processor\node_modules\@stoplight\spectral-core\src\ruleset\validation\assertions.ts:26:11)
    at new Ruleset (C:\utv\rest-api-profil-lint-processor\node_modules\@stoplight\spectral-core\src\ruleset\ruleset.ts:69:25)
    at Spectral.setRuleset (C:\utv\rest-api-profil-lint-processor\node_modules\@stoplight\spectral-core\src\spectral.ts:87:59)
    at RapLPCustomSpectral.setRuleset (file:///C:/utv/rest-api-profil-lint-processor/src/util/RapLPCustomSpectral.ts:22:19)
    at file:///C:/utv/rest-api-profil-lint-processor/src/app.ts:94:20
2024-04-29T09:06:31.444Z - Error: Error importing rules for category DotRules:, category тип Unable to compile TypeScript:
[96mrulesets/DotRules.ts[0m:[93m53[0m:[93m7[0m - [91merror[0m[90m TS2304: [0mCannot find name 'severity'.

[7m53[0m       severity = DiagnosticSeverity.Error;
[7m  [0m [91m      ~~~~~~~~[0m
[96mrulesets/DotRules.ts[0m:[93m45[0m:[93m11[0m - [91merror[0m[90m TS1136: [0mProperty assignment expected.

[7m45[0m           {
[7m  [0m [91m          ~[0m
[96mrulesets/DotRules.ts[0m:[93m51[0m:[93m9[0m - [91merror[0m[90m TS1005: [0m',' expected.

[7m51[0m         }
[7m  [0m [91m        ~[0m
[96mrulesets/DotRules.ts[0m:[93m52[0m:[93m7[0m - [91merror[0m[90m TS1128: [0mDeclaration or statement expected.

[7m52[0m       ]
[7m  [0m [91m      ~[0m
[96mrulesets/DotRules.ts[0m:[93m54[0m:[93m1[0m - [91merror[0m[90m TS1128: [0mDeclaration or statement expected.

[7m54[0m }
[7m  [0m [91m~[0m

    at importRuleModule (file:///C:/utv/rest-api-profil-lint-processor/src/util/ruleUtil.ts:66:15)
    at async importRulesByCategory (file:///C:/utv/rest-api-profil-lint-processor/src/util/ruleUtil.ts:77:29)
    at async importAndCreateRuleInstances (file:///C:/utv/rest-api-profil-lint-processor/src/util/ruleUtil.ts:99:7)
    at async file:///C:/utv/rest-api-profil-lint-processor/src/app.ts:80:38
2024-04-29T11:10:46.721Z - Error: ENOENT: no such file or directory, open 'C:\utv\rest-api-profil-lint-processor\apis\dot-api.yaml'
    at Object.openSync (node:fs:603:3)
    at Module.readFileSync (node:fs:471:35)
    at file:///C:/utv/rest-api-profil-lint-processor/src/app.ts:83:10
2024-04-29T11:12:18.929Z - AggregateError: Error running Nimma
    at Scope.destroy (C:\utv\rest-api-profil-lint-processor\node_modules\nimma\dist\legacy\cjs\runtime\scope.js:137:13)
    at Nimma.eval (eval at query (C:\utv\rest-api-profil-lint-processor\node_modules\nimma\dist\legacy\cjs\core\index.js:66:71), <anonymous>:82:11)
    at Nimma.query (C:\utv\rest-api-profil-lint-processor\node_modules\nimma\dist\legacy\cjs\core\index.js:68:71)
    at execute (C:\utv\rest-api-profil-lint-processor\node_modules\@stoplight\spectral-core\src\runner\runner.ts:96:9)
    at Runner.run (C:\utv\rest-api-profil-lint-processor\node_modules\@stoplight\spectral-core\src\runner\runner.ts:60:7)
    at Spectral.runWithResolved (C:\utv\rest-api-profil-lint-processor\node_modules\@stoplight\spectral-core\src\spectral.ts:70:18)
    at async Spectral.run (C:\utv\rest-api-profil-lint-processor\node_modules\@stoplight\spectral-core\src\spectral.ts:83:13)
    at async RapLPCustomSpectral.run (file:///C:/utv/rest-api-profil-lint-processor/src/util/RapLPCustomSpectral.ts:28:29)
    at async file:///C:/utv/rest-api-profil-lint-processor/src/app.ts:95:20
2024-04-29T11:12:18.946Z - AggregateError: Error running Nimma
    at Scope.destroy (C:\utv\rest-api-profil-lint-processor\node_modules\nimma\dist\legacy\cjs\runtime\scope.js:137:13)
    at Nimma.eval (eval at query (C:\utv\rest-api-profil-lint-processor\node_modules\nimma\dist\legacy\cjs\core\index.js:66:71), <anonymous>:82:11)
    at Nimma.query (C:\utv\rest-api-profil-lint-processor\node_modules\nimma\dist\legacy\cjs\core\index.js:68:71)
    at execute (C:\utv\rest-api-profil-lint-processor\node_modules\@stoplight\spectral-core\src\runner\runner.ts:96:9)
    at Runner.run (C:\utv\rest-api-profil-lint-processor\node_modules\@stoplight\spectral-core\src\runner\runner.ts:60:7)
    at Spectral.runWithResolved (C:\utv\rest-api-profil-lint-processor\node_modules\@stoplight\spectral-core\src\spectral.ts:70:18)
    at async Spectral.run (C:\utv\rest-api-profil-lint-processor\node_modules\@stoplight\spectral-core\src\spectral.ts:83:13)
    at async RapLPCustomSpectral.run (file:///C:/utv/rest-api-profil-lint-processor/src/util/RapLPCustomSpectral.ts:28:29)
    at async file:///C:/utv/rest-api-profil-lint-processor/src/app.ts:95:20
2024-04-29T11:12:42.852Z - AggregateError: Error running Nimma
    at Scope.destroy (C:\utv\rest-api-profil-lint-processor\node_modules\nimma\dist\legacy\cjs\runtime\scope.js:137:13)
    at Nimma.eval (eval at query (C:\utv\rest-api-profil-lint-processor\node_modules\nimma\dist\legacy\cjs\core\index.js:66:71), <anonymous>:82:11)
    at Nimma.query (C:\utv\rest-api-profil-lint-processor\node_modules\nimma\dist\legacy\cjs\core\index.js:68:71)
    at execute (C:\utv\rest-api-profil-lint-processor\node_modules\@stoplight\spectral-core\src\runner\runner.ts:96:9)
    at Runner.run (C:\utv\rest-api-profil-lint-processor\node_modules\@stoplight\spectral-core\src\runner\runner.ts:60:7)
    at Spectral.runWithResolved (C:\utv\rest-api-profil-lint-processor\node_modules\@stoplight\spectral-core\src\spectral.ts:70:18)
    at async Spectral.run (C:\utv\rest-api-profil-lint-processor\node_modules\@stoplight\spectral-core\src\spectral.ts:83:13)
    at async RapLPCustomSpectral.run (file:///C:/utv/rest-api-profil-lint-processor/src/util/RapLPCustomSpectral.ts:28:29)
    at async file:///C:/utv/rest-api-profil-lint-processor/src/app.ts:95:20
2024-04-29T11:12:42.864Z - AggregateError: Error running Nimma
    at Scope.destroy (C:\utv\rest-api-profil-lint-processor\node_modules\nimma\dist\legacy\cjs\runtime\scope.js:137:13)
    at Nimma.eval (eval at query (C:\utv\rest-api-profil-lint-processor\node_modules\nimma\dist\legacy\cjs\core\index.js:66:71), <anonymous>:82:11)
    at Nimma.query (C:\utv\rest-api-profil-lint-processor\node_modules\nimma\dist\legacy\cjs\core\index.js:68:71)
    at execute (C:\utv\rest-api-profil-lint-processor\node_modules\@stoplight\spectral-core\src\runner\runner.ts:96:9)
    at Runner.run (C:\utv\rest-api-profil-lint-processor\node_modules\@stoplight\spectral-core\src\runner\runner.ts:60:7)
    at Spectral.runWithResolved (C:\utv\rest-api-profil-lint-processor\node_modules\@stoplight\spectral-core\src\spectral.ts:70:18)
    at async Spectral.run (C:\utv\rest-api-profil-lint-processor\node_modules\@stoplight\spectral-core\src\spectral.ts:83:13)
    at async RapLPCustomSpectral.run (file:///C:/utv/rest-api-profil-lint-processor/src/util/RapLPCustomSpectral.ts:28:29)
    at async file:///C:/utv/rest-api-profil-lint-processor/src/app.ts:95:20
2024-04-29T11:13:01.051Z - AggregateError: Error running Nimma
    at Scope.destroy (C:\utv\rest-api-profil-lint-processor\node_modules\nimma\dist\legacy\cjs\runtime\scope.js:137:13)
    at Nimma.eval (eval at query (C:\utv\rest-api-profil-lint-processor\node_modules\nimma\dist\legacy\cjs\core\index.js:66:71), <anonymous>:82:11)
    at Nimma.query (C:\utv\rest-api-profil-lint-processor\node_modules\nimma\dist\legacy\cjs\core\index.js:68:71)
    at execute (C:\utv\rest-api-profil-lint-processor\node_modules\@stoplight\spectral-core\src\runner\runner.ts:96:9)
    at Runner.run (C:\utv\rest-api-profil-lint-processor\node_modules\@stoplight\spectral-core\src\runner\runner.ts:60:7)
    at Spectral.runWithResolved (C:\utv\rest-api-profil-lint-processor\node_modules\@stoplight\spectral-core\src\spectral.ts:70:18)
    at async Spectral.run (C:\utv\rest-api-profil-lint-processor\node_modules\@stoplight\spectral-core\src\spectral.ts:83:13)
    at async RapLPCustomSpectral.run (file:///C:/utv/rest-api-profil-lint-processor/src/util/RapLPCustomSpectral.ts:28:29)
    at async file:///C:/utv/rest-api-profil-lint-processor/src/app.ts:95:20
2024-04-29T11:13:01.064Z - AggregateError: Error running Nimma
    at Scope.destroy (C:\utv\rest-api-profil-lint-processor\node_modules\nimma\dist\legacy\cjs\runtime\scope.js:137:13)
    at Nimma.eval (eval at query (C:\utv\rest-api-profil-lint-processor\node_modules\nimma\dist\legacy\cjs\core\index.js:66:71), <anonymous>:82:11)
    at Nimma.query (C:\utv\rest-api-profil-lint-processor\node_modules\nimma\dist\legacy\cjs\core\index.js:68:71)
    at execute (C:\utv\rest-api-profil-lint-processor\node_modules\@stoplight\spectral-core\src\runner\runner.ts:96:9)
    at Runner.run (C:\utv\rest-api-profil-lint-processor\node_modules\@stoplight\spectral-core\src\runner\runner.ts:60:7)
    at Spectral.runWithResolved (C:\utv\rest-api-profil-lint-processor\node_modules\@stoplight\spectral-core\src\spectral.ts:70:18)
    at async Spectral.run (C:\utv\rest-api-profil-lint-processor\node_modules\@stoplight\spectral-core\src\spectral.ts:83:13)
    at async RapLPCustomSpectral.run (file:///C:/utv/rest-api-profil-lint-processor/src/util/RapLPCustomSpectral.ts:28:29)
    at async file:///C:/utv/rest-api-profil-lint-processor/src/app.ts:95:20
2024-04-29T11:13:32.807Z - AggregateError: Error running Nimma
    at Scope.destroy (C:\utv\rest-api-profil-lint-processor\node_modules\nimma\dist\legacy\cjs\runtime\scope.js:137:13)
    at Nimma.eval (eval at query (C:\utv\rest-api-profil-lint-processor\node_modules\nimma\dist\legacy\cjs\core\index.js:66:71), <anonymous>:82:11)
    at Nimma.query (C:\utv\rest-api-profil-lint-processor\node_modules\nimma\dist\legacy\cjs\core\index.js:68:71)
    at execute (C:\utv\rest-api-profil-lint-processor\node_modules\@stoplight\spectral-core\src\runner\runner.ts:96:9)
    at Runner.run (C:\utv\rest-api-profil-lint-processor\node_modules\@stoplight\spectral-core\src\runner\runner.ts:60:7)
    at Spectral.runWithResolved (C:\utv\rest-api-profil-lint-processor\node_modules\@stoplight\spectral-core\src\spectral.ts:70:18)
    at async Spectral.run (C:\utv\rest-api-profil-lint-processor\node_modules\@stoplight\spectral-core\src\spectral.ts:83:13)
    at async RapLPCustomSpectral.run (file:///C:/utv/rest-api-profil-lint-processor/src/util/RapLPCustomSpectral.ts:28:29)
    at async file:///C:/utv/rest-api-profil-lint-processor/src/app.ts:95:20
2024-04-29T11:13:32.820Z - AggregateError: Error running Nimma
    at Scope.destroy (C:\utv\rest-api-profil-lint-processor\node_modules\nimma\dist\legacy\cjs\runtime\scope.js:137:13)
    at Nimma.eval (eval at query (C:\utv\rest-api-profil-lint-processor\node_modules\nimma\dist\legacy\cjs\core\index.js:66:71), <anonymous>:82:11)
    at Nimma.query (C:\utv\rest-api-profil-lint-processor\node_modules\nimma\dist\legacy\cjs\core\index.js:68:71)
    at execute (C:\utv\rest-api-profil-lint-processor\node_modules\@stoplight\spectral-core\src\runner\runner.ts:96:9)
    at Runner.run (C:\utv\rest-api-profil-lint-processor\node_modules\@stoplight\spectral-core\src\runner\runner.ts:60:7)
    at Spectral.runWithResolved (C:\utv\rest-api-profil-lint-processor\node_modules\@stoplight\spectral-core\src\spectral.ts:70:18)
    at async Spectral.run (C:\utv\rest-api-profil-lint-processor\node_modules\@stoplight\spectral-core\src\spectral.ts:83:13)
    at async RapLPCustomSpectral.run (file:///C:/utv/rest-api-profil-lint-processor/src/util/RapLPCustomSpectral.ts:28:29)
    at async file:///C:/utv/rest-api-profil-lint-processor/src/app.ts:95:20
2024-04-29T11:18:24.946Z - AggregateError: Error running Nimma
    at Scope.destroy (C:\utv\rest-api-profil-lint-processor\node_modules\nimma\dist\legacy\cjs\runtime\scope.js:137:13)
    at Nimma.eval (eval at query (C:\utv\rest-api-profil-lint-processor\node_modules\nimma\dist\legacy\cjs\core\index.js:66:71), <anonymous>:82:11)
    at Nimma.query (C:\utv\rest-api-profil-lint-processor\node_modules\nimma\dist\legacy\cjs\core\index.js:68:71)
    at execute (C:\utv\rest-api-profil-lint-processor\node_modules\@stoplight\spectral-core\src\runner\runner.ts:96:9)
    at Runner.run (C:\utv\rest-api-profil-lint-processor\node_modules\@stoplight\spectral-core\src\runner\runner.ts:60:7)
    at Spectral.runWithResolved (C:\utv\rest-api-profil-lint-processor\node_modules\@stoplight\spectral-core\src\spectral.ts:70:18)
    at async Spectral.run (C:\utv\rest-api-profil-lint-processor\node_modules\@stoplight\spectral-core\src\spectral.ts:83:13)
    at async RapLPCustomSpectral.run (file:///C:/utv/rest-api-profil-lint-processor/src/util/RapLPCustomSpectral.ts:28:29)
    at async file:///C:/utv/rest-api-profil-lint-processor/src/app.ts:95:20
2024-04-29T11:18:24.958Z - AggregateError: Error running Nimma
    at Scope.destroy (C:\utv\rest-api-profil-lint-processor\node_modules\nimma\dist\legacy\cjs\runtime\scope.js:137:13)
    at Nimma.eval (eval at query (C:\utv\rest-api-profil-lint-processor\node_modules\nimma\dist\legacy\cjs\core\index.js:66:71), <anonymous>:82:11)
    at Nimma.query (C:\utv\rest-api-profil-lint-processor\node_modules\nimma\dist\legacy\cjs\core\index.js:68:71)
    at execute (C:\utv\rest-api-profil-lint-processor\node_modules\@stoplight\spectral-core\src\runner\runner.ts:96:9)
    at Runner.run (C:\utv\rest-api-profil-lint-processor\node_modules\@stoplight\spectral-core\src\runner\runner.ts:60:7)
    at Spectral.runWithResolved (C:\utv\rest-api-profil-lint-processor\node_modules\@stoplight\spectral-core\src\spectral.ts:70:18)
    at async Spectral.run (C:\utv\rest-api-profil-lint-processor\node_modules\@stoplight\spectral-core\src\spectral.ts:83:13)
    at async RapLPCustomSpectral.run (file:///C:/utv/rest-api-profil-lint-processor/src/util/RapLPCustomSpectral.ts:28:29)
    at async file:///C:/utv/rest-api-profil-lint-processor/src/app.ts:95:20
2024-04-29T11:24:27.752Z - AggregateError: Error running Nimma
    at Scope.destroy (C:\utv\rest-api-profil-lint-processor\node_modules\nimma\dist\legacy\cjs\runtime\scope.js:137:13)
    at Nimma.eval (eval at query (C:\utv\rest-api-profil-lint-processor\node_modules\nimma\dist\legacy\cjs\core\index.js:66:71), <anonymous>:82:11)
    at Nimma.query (C:\utv\rest-api-profil-lint-processor\node_modules\nimma\dist\legacy\cjs\core\index.js:68:71)
    at execute (C:\utv\rest-api-profil-lint-processor\node_modules\@stoplight\spectral-core\src\runner\runner.ts:96:9)
    at Runner.run (C:\utv\rest-api-profil-lint-processor\node_modules\@stoplight\spectral-core\src\runner\runner.ts:60:7)
    at Spectral.runWithResolved (C:\utv\rest-api-profil-lint-processor\node_modules\@stoplight\spectral-core\src\spectral.ts:70:18)
    at async Spectral.run (C:\utv\rest-api-profil-lint-processor\node_modules\@stoplight\spectral-core\src\spectral.ts:83:13)
    at async RapLPCustomSpectral.run (file:///C:/utv/rest-api-profil-lint-processor/src/util/RapLPCustomSpectral.ts:28:29)
    at async file:///C:/utv/rest-api-profil-lint-processor/src/app.ts:95:20
2024-04-29T11:24:27.764Z - AggregateError: Error running Nimma
    at Scope.destroy (C:\utv\rest-api-profil-lint-processor\node_modules\nimma\dist\legacy\cjs\runtime\scope.js:137:13)
    at Nimma.eval (eval at query (C:\utv\rest-api-profil-lint-processor\node_modules\nimma\dist\legacy\cjs\core\index.js:66:71), <anonymous>:82:11)
    at Nimma.query (C:\utv\rest-api-profil-lint-processor\node_modules\nimma\dist\legacy\cjs\core\index.js:68:71)
    at execute (C:\utv\rest-api-profil-lint-processor\node_modules\@stoplight\spectral-core\src\runner\runner.ts:96:9)
    at Runner.run (C:\utv\rest-api-profil-lint-processor\node_modules\@stoplight\spectral-core\src\runner\runner.ts:60:7)
    at Spectral.runWithResolved (C:\utv\rest-api-profil-lint-processor\node_modules\@stoplight\spectral-core\src\spectral.ts:70:18)
    at async Spectral.run (C:\utv\rest-api-profil-lint-processor\node_modules\@stoplight\spectral-core\src\spectral.ts:83:13)
    at async RapLPCustomSpectral.run (file:///C:/utv/rest-api-profil-lint-processor/src/util/RapLPCustomSpectral.ts:28:29)
    at async file:///C:/utv/rest-api-profil-lint-processor/src/app.ts:95:20
2024-05-31T09:43:05.845Z - Error: Error importing rules for category DokRules:, category тип Unable to compile TypeScript:
[96mrulesets/DokRules.ts[0m:[93m113[0m:[93m11[0m - [91merror[0m[90m TS1005: [0m',' expected.

[7m113[0m           }
[7m   [0m [91m          ~[0m

    at importRuleModule (file:///C:/dev/rest-api-profil-lint-processor/src/util/ruleUtil.ts:66:15)
    at async importRulesByCategory (file:///C:/dev/rest-api-profil-lint-processor/src/util/ruleUtil.ts:77:29)
    at async importAndCreateRuleInstances (file:///C:/dev/rest-api-profil-lint-processor/src/util/ruleUtil.ts:99:7)
    at async file:///C:/dev/rest-api-profil-lint-processor/src/app.ts:80:38
2024-05-31T13:46:06.574Z - AggregateError: Error running Nimma
    at Scope.destroy (C:\dev\rest-api-profil-lint-processor\node_modules\nimma\dist\legacy\cjs\runtime\scope.js:137:13)
    at Nimma.eval (eval at query (C:\dev\rest-api-profil-lint-processor\node_modules\nimma\dist\legacy\cjs\core\index.js:66:71), <anonymous>:65:11)
    at Nimma.query (C:\dev\rest-api-profil-lint-processor\node_modules\nimma\dist\legacy\cjs\core\index.js:68:71)
    at execute (C:\dev\rest-api-profil-lint-processor\node_modules\@stoplight\spectral-core\src\runner\runner.ts:96:9)
    at Runner.run (C:\dev\rest-api-profil-lint-processor\node_modules\@stoplight\spectral-core\src\runner\runner.ts:60:7)
    at Spectral.runWithResolved (C:\dev\rest-api-profil-lint-processor\node_modules\@stoplight\spectral-core\src\spectral.ts:70:18)
    at async Spectral.run (C:\dev\rest-api-profil-lint-processor\node_modules\@stoplight\spectral-core\src\spectral.ts:83:13)
    at async RapLPCustomSpectral.run (file:///C:/dev/rest-api-profil-lint-processor/src/util/RapLPCustomSpectral.ts:28:29)
    at async file:///C:/dev/rest-api-profil-lint-processor/src/app.ts:95:20
2024-05-31T13:46:06.587Z - AggregateError: Error running Nimma
    at Scope.destroy (C:\dev\rest-api-profil-lint-processor\node_modules\nimma\dist\legacy\cjs\runtime\scope.js:137:13)
    at Nimma.eval (eval at query (C:\dev\rest-api-profil-lint-processor\node_modules\nimma\dist\legacy\cjs\core\index.js:66:71), <anonymous>:65:11)
    at Nimma.query (C:\dev\rest-api-profil-lint-processor\node_modules\nimma\dist\legacy\cjs\core\index.js:68:71)
    at execute (C:\dev\rest-api-profil-lint-processor\node_modules\@stoplight\spectral-core\src\runner\runner.ts:96:9)
    at Runner.run (C:\dev\rest-api-profil-lint-processor\node_modules\@stoplight\spectral-core\src\runner\runner.ts:60:7)
    at Spectral.runWithResolved (C:\dev\rest-api-profil-lint-processor\node_modules\@stoplight\spectral-core\src\spectral.ts:70:18)
    at async Spectral.run (C:\dev\rest-api-profil-lint-processor\node_modules\@stoplight\spectral-core\src\spectral.ts:83:13)
    at async RapLPCustomSpectral.run (file:///C:/dev/rest-api-profil-lint-processor/src/util/RapLPCustomSpectral.ts:28:29)
    at async file:///C:/dev/rest-api-profil-lint-processor/src/app.ts:95:20
2024-05-31T13:46:59.316Z - AggregateError: Error running Nimma
    at Scope.destroy (C:\dev\rest-api-profil-lint-processor\node_modules\nimma\dist\legacy\cjs\runtime\scope.js:137:13)
    at Nimma.eval (eval at query (C:\dev\rest-api-profil-lint-processor\node_modules\nimma\dist\legacy\cjs\core\index.js:66:71), <anonymous>:65:11)
    at Nimma.query (C:\dev\rest-api-profil-lint-processor\node_modules\nimma\dist\legacy\cjs\core\index.js:68:71)
    at execute (C:\dev\rest-api-profil-lint-processor\node_modules\@stoplight\spectral-core\src\runner\runner.ts:96:9)
    at Runner.run (C:\dev\rest-api-profil-lint-processor\node_modules\@stoplight\spectral-core\src\runner\runner.ts:60:7)
    at Spectral.runWithResolved (C:\dev\rest-api-profil-lint-processor\node_modules\@stoplight\spectral-core\src\spectral.ts:70:18)
    at async Spectral.run (C:\dev\rest-api-profil-lint-processor\node_modules\@stoplight\spectral-core\src\spectral.ts:83:13)
    at async RapLPCustomSpectral.run (file:///C:/dev/rest-api-profil-lint-processor/src/util/RapLPCustomSpectral.ts:28:29)
    at async file:///C:/dev/rest-api-profil-lint-processor/src/app.ts:95:20
2024-05-31T13:46:59.328Z - AggregateError: Error running Nimma
    at Scope.destroy (C:\dev\rest-api-profil-lint-processor\node_modules\nimma\dist\legacy\cjs\runtime\scope.js:137:13)
    at Nimma.eval (eval at query (C:\dev\rest-api-profil-lint-processor\node_modules\nimma\dist\legacy\cjs\core\index.js:66:71), <anonymous>:65:11)
    at Nimma.query (C:\dev\rest-api-profil-lint-processor\node_modules\nimma\dist\legacy\cjs\core\index.js:68:71)
    at execute (C:\dev\rest-api-profil-lint-processor\node_modules\@stoplight\spectral-core\src\runner\runner.ts:96:9)
    at Runner.run (C:\dev\rest-api-profil-lint-processor\node_modules\@stoplight\spectral-core\src\runner\runner.ts:60:7)
    at Spectral.runWithResolved (C:\dev\rest-api-profil-lint-processor\node_modules\@stoplight\spectral-core\src\spectral.ts:70:18)
    at async Spectral.run (C:\dev\rest-api-profil-lint-processor\node_modules\@stoplight\spectral-core\src\spectral.ts:83:13)
    at async RapLPCustomSpectral.run (file:///C:/dev/rest-api-profil-lint-processor/src/util/RapLPCustomSpectral.ts:28:29)
    at async file:///C:/dev/rest-api-profil-lint-processor/src/app.ts:95:20
2024-05-31T13:47:53.768Z - AggregateError: Error running Nimma
    at Scope.destroy (C:\dev\rest-api-profil-lint-processor\node_modules\nimma\dist\legacy\cjs\runtime\scope.js:137:13)
    at Nimma.eval (eval at query (C:\dev\rest-api-profil-lint-processor\node_modules\nimma\dist\legacy\cjs\core\index.js:66:71), <anonymous>:65:11)
    at Nimma.query (C:\dev\rest-api-profil-lint-processor\node_modules\nimma\dist\legacy\cjs\core\index.js:68:71)
    at execute (C:\dev\rest-api-profil-lint-processor\node_modules\@stoplight\spectral-core\src\runner\runner.ts:96:9)
    at Runner.run (C:\dev\rest-api-profil-lint-processor\node_modules\@stoplight\spectral-core\src\runner\runner.ts:60:7)
    at Spectral.runWithResolved (C:\dev\rest-api-profil-lint-processor\node_modules\@stoplight\spectral-core\src\spectral.ts:70:18)
    at async Spectral.run (C:\dev\rest-api-profil-lint-processor\node_modules\@stoplight\spectral-core\src\spectral.ts:83:13)
    at async RapLPCustomSpectral.run (file:///C:/dev/rest-api-profil-lint-processor/src/util/RapLPCustomSpectral.ts:28:29)
    at async file:///C:/dev/rest-api-profil-lint-processor/src/app.ts:95:20
2024-05-31T13:47:53.779Z - AggregateError: Error running Nimma
    at Scope.destroy (C:\dev\rest-api-profil-lint-processor\node_modules\nimma\dist\legacy\cjs\runtime\scope.js:137:13)
    at Nimma.eval (eval at query (C:\dev\rest-api-profil-lint-processor\node_modules\nimma\dist\legacy\cjs\core\index.js:66:71), <anonymous>:65:11)
    at Nimma.query (C:\dev\rest-api-profil-lint-processor\node_modules\nimma\dist\legacy\cjs\core\index.js:68:71)
    at execute (C:\dev\rest-api-profil-lint-processor\node_modules\@stoplight\spectral-core\src\runner\runner.ts:96:9)
    at Runner.run (C:\dev\rest-api-profil-lint-processor\node_modules\@stoplight\spectral-core\src\runner\runner.ts:60:7)
    at Spectral.runWithResolved (C:\dev\rest-api-profil-lint-processor\node_modules\@stoplight\spectral-core\src\spectral.ts:70:18)
    at async Spectral.run (C:\dev\rest-api-profil-lint-processor\node_modules\@stoplight\spectral-core\src\spectral.ts:83:13)
    at async RapLPCustomSpectral.run (file:///C:/dev/rest-api-profil-lint-processor/src/util/RapLPCustomSpectral.ts:28:29)
    at async file:///C:/dev/rest-api-profil-lint-processor/src/app.ts:95:20
2024-05-31T13:49:30.038Z - AggregateError: Error running Nimma
    at Scope.destroy (C:\dev\rest-api-profil-lint-processor\node_modules\nimma\dist\legacy\cjs\runtime\scope.js:137:13)
    at Nimma.eval (eval at query (C:\dev\rest-api-profil-lint-processor\node_modules\nimma\dist\legacy\cjs\core\index.js:66:71), <anonymous>:65:11)
    at Nimma.query (C:\dev\rest-api-profil-lint-processor\node_modules\nimma\dist\legacy\cjs\core\index.js:68:71)
    at execute (C:\dev\rest-api-profil-lint-processor\node_modules\@stoplight\spectral-core\src\runner\runner.ts:96:9)
    at Runner.run (C:\dev\rest-api-profil-lint-processor\node_modules\@stoplight\spectral-core\src\runner\runner.ts:60:7)
    at Spectral.runWithResolved (C:\dev\rest-api-profil-lint-processor\node_modules\@stoplight\spectral-core\src\spectral.ts:70:18)
    at async Spectral.run (C:\dev\rest-api-profil-lint-processor\node_modules\@stoplight\spectral-core\src\spectral.ts:83:13)
    at async RapLPCustomSpectral.run (file:///C:/dev/rest-api-profil-lint-processor/src/util/RapLPCustomSpectral.ts:28:29)
    at async file:///C:/dev/rest-api-profil-lint-processor/src/app.ts:95:20
2024-05-31T13:49:30.049Z - AggregateError: Error running Nimma
    at Scope.destroy (C:\dev\rest-api-profil-lint-processor\node_modules\nimma\dist\legacy\cjs\runtime\scope.js:137:13)
    at Nimma.eval (eval at query (C:\dev\rest-api-profil-lint-processor\node_modules\nimma\dist\legacy\cjs\core\index.js:66:71), <anonymous>:65:11)
    at Nimma.query (C:\dev\rest-api-profil-lint-processor\node_modules\nimma\dist\legacy\cjs\core\index.js:68:71)
    at execute (C:\dev\rest-api-profil-lint-processor\node_modules\@stoplight\spectral-core\src\runner\runner.ts:96:9)
    at Runner.run (C:\dev\rest-api-profil-lint-processor\node_modules\@stoplight\spectral-core\src\runner\runner.ts:60:7)
    at Spectral.runWithResolved (C:\dev\rest-api-profil-lint-processor\node_modules\@stoplight\spectral-core\src\spectral.ts:70:18)
    at async Spectral.run (C:\dev\rest-api-profil-lint-processor\node_modules\@stoplight\spectral-core\src\spectral.ts:83:13)
    at async RapLPCustomSpectral.run (file:///C:/dev/rest-api-profil-lint-processor/src/util/RapLPCustomSpectral.ts:28:29)
    at async file:///C:/dev/rest-api-profil-lint-processor/src/app.ts:95:20
2024-05-31T13:51:27.970Z - AggregateError: Error running Nimma
    at Scope.destroy (C:\dev\rest-api-profil-lint-processor\node_modules\nimma\dist\legacy\cjs\runtime\scope.js:137:13)
    at Nimma.eval (eval at query (C:\dev\rest-api-profil-lint-processor\node_modules\nimma\dist\legacy\cjs\core\index.js:66:71), <anonymous>:65:11)
    at Nimma.query (C:\dev\rest-api-profil-lint-processor\node_modules\nimma\dist\legacy\cjs\core\index.js:68:71)
    at execute (C:\dev\rest-api-profil-lint-processor\node_modules\@stoplight\spectral-core\src\runner\runner.ts:96:9)
    at Runner.run (C:\dev\rest-api-profil-lint-processor\node_modules\@stoplight\spectral-core\src\runner\runner.ts:60:7)
    at Spectral.runWithResolved (C:\dev\rest-api-profil-lint-processor\node_modules\@stoplight\spectral-core\src\spectral.ts:70:18)
    at async Spectral.run (C:\dev\rest-api-profil-lint-processor\node_modules\@stoplight\spectral-core\src\spectral.ts:83:13)
    at async RapLPCustomSpectral.run (file:///C:/dev/rest-api-profil-lint-processor/src/util/RapLPCustomSpectral.ts:28:29)
    at async file:///C:/dev/rest-api-profil-lint-processor/src/app.ts:95:20
2024-05-31T13:51:27.982Z - AggregateError: Error running Nimma
    at Scope.destroy (C:\dev\rest-api-profil-lint-processor\node_modules\nimma\dist\legacy\cjs\runtime\scope.js:137:13)
    at Nimma.eval (eval at query (C:\dev\rest-api-profil-lint-processor\node_modules\nimma\dist\legacy\cjs\core\index.js:66:71), <anonymous>:65:11)
    at Nimma.query (C:\dev\rest-api-profil-lint-processor\node_modules\nimma\dist\legacy\cjs\core\index.js:68:71)
    at execute (C:\dev\rest-api-profil-lint-processor\node_modules\@stoplight\spectral-core\src\runner\runner.ts:96:9)
    at Runner.run (C:\dev\rest-api-profil-lint-processor\node_modules\@stoplight\spectral-core\src\runner\runner.ts:60:7)
    at Spectral.runWithResolved (C:\dev\rest-api-profil-lint-processor\node_modules\@stoplight\spectral-core\src\spectral.ts:70:18)
    at async Spectral.run (C:\dev\rest-api-profil-lint-processor\node_modules\@stoplight\spectral-core\src\spectral.ts:83:13)
    at async RapLPCustomSpectral.run (file:///C:/dev/rest-api-profil-lint-processor/src/util/RapLPCustomSpectral.ts:28:29)
    at async file:///C:/dev/rest-api-profil-lint-processor/src/app.ts:95:20
2024-05-31T13:51:51.224Z - AggregateError: Error running Nimma
    at Scope.destroy (C:\dev\rest-api-profil-lint-processor\node_modules\nimma\dist\legacy\cjs\runtime\scope.js:137:13)
    at Nimma.eval (eval at query (C:\dev\rest-api-profil-lint-processor\node_modules\nimma\dist\legacy\cjs\core\index.js:66:71), <anonymous>:65:11)
    at Nimma.query (C:\dev\rest-api-profil-lint-processor\node_modules\nimma\dist\legacy\cjs\core\index.js:68:71)
    at execute (C:\dev\rest-api-profil-lint-processor\node_modules\@stoplight\spectral-core\src\runner\runner.ts:96:9)
    at Runner.run (C:\dev\rest-api-profil-lint-processor\node_modules\@stoplight\spectral-core\src\runner\runner.ts:60:7)
    at Spectral.runWithResolved (C:\dev\rest-api-profil-lint-processor\node_modules\@stoplight\spectral-core\src\spectral.ts:70:18)
    at async Spectral.run (C:\dev\rest-api-profil-lint-processor\node_modules\@stoplight\spectral-core\src\spectral.ts:83:13)
    at async RapLPCustomSpectral.run (file:///C:/dev/rest-api-profil-lint-processor/src/util/RapLPCustomSpectral.ts:28:29)
    at async file:///C:/dev/rest-api-profil-lint-processor/src/app.ts:95:20
2024-05-31T13:51:51.235Z - AggregateError: Error running Nimma
    at Scope.destroy (C:\dev\rest-api-profil-lint-processor\node_modules\nimma\dist\legacy\cjs\runtime\scope.js:137:13)
    at Nimma.eval (eval at query (C:\dev\rest-api-profil-lint-processor\node_modules\nimma\dist\legacy\cjs\core\index.js:66:71), <anonymous>:65:11)
    at Nimma.query (C:\dev\rest-api-profil-lint-processor\node_modules\nimma\dist\legacy\cjs\core\index.js:68:71)
    at execute (C:\dev\rest-api-profil-lint-processor\node_modules\@stoplight\spectral-core\src\runner\runner.ts:96:9)
    at Runner.run (C:\dev\rest-api-profil-lint-processor\node_modules\@stoplight\spectral-core\src\runner\runner.ts:60:7)
    at Spectral.runWithResolved (C:\dev\rest-api-profil-lint-processor\node_modules\@stoplight\spectral-core\src\spectral.ts:70:18)
    at async Spectral.run (C:\dev\rest-api-profil-lint-processor\node_modules\@stoplight\spectral-core\src\spectral.ts:83:13)
    at async RapLPCustomSpectral.run (file:///C:/dev/rest-api-profil-lint-processor/src/util/RapLPCustomSpectral.ts:28:29)
    at async file:///C:/dev/rest-api-profil-lint-processor/src/app.ts:95:20
2024-05-31T13:53:01.279Z - AggregateError: Error running Nimma
    at Scope.destroy (C:\dev\rest-api-profil-lint-processor\node_modules\nimma\dist\legacy\cjs\runtime\scope.js:137:13)
    at Nimma.eval (eval at query (C:\dev\rest-api-profil-lint-processor\node_modules\nimma\dist\legacy\cjs\core\index.js:66:71), <anonymous>:65:11)
    at Nimma.query (C:\dev\rest-api-profil-lint-processor\node_modules\nimma\dist\legacy\cjs\core\index.js:68:71)
    at execute (C:\dev\rest-api-profil-lint-processor\node_modules\@stoplight\spectral-core\src\runner\runner.ts:96:9)
    at Runner.run (C:\dev\rest-api-profil-lint-processor\node_modules\@stoplight\spectral-core\src\runner\runner.ts:60:7)
    at Spectral.runWithResolved (C:\dev\rest-api-profil-lint-processor\node_modules\@stoplight\spectral-core\src\spectral.ts:70:18)
    at async Spectral.run (C:\dev\rest-api-profil-lint-processor\node_modules\@stoplight\spectral-core\src\spectral.ts:83:13)
    at async RapLPCustomSpectral.run (file:///C:/dev/rest-api-profil-lint-processor/src/util/RapLPCustomSpectral.ts:28:29)
    at async file:///C:/dev/rest-api-profil-lint-processor/src/app.ts:95:20
2024-05-31T13:53:01.294Z - AggregateError: Error running Nimma
    at Scope.destroy (C:\dev\rest-api-profil-lint-processor\node_modules\nimma\dist\legacy\cjs\runtime\scope.js:137:13)
    at Nimma.eval (eval at query (C:\dev\rest-api-profil-lint-processor\node_modules\nimma\dist\legacy\cjs\core\index.js:66:71), <anonymous>:65:11)
    at Nimma.query (C:\dev\rest-api-profil-lint-processor\node_modules\nimma\dist\legacy\cjs\core\index.js:68:71)
    at execute (C:\dev\rest-api-profil-lint-processor\node_modules\@stoplight\spectral-core\src\runner\runner.ts:96:9)
    at Runner.run (C:\dev\rest-api-profil-lint-processor\node_modules\@stoplight\spectral-core\src\runner\runner.ts:60:7)
    at Spectral.runWithResolved (C:\dev\rest-api-profil-lint-processor\node_modules\@stoplight\spectral-core\src\spectral.ts:70:18)
    at async Spectral.run (C:\dev\rest-api-profil-lint-processor\node_modules\@stoplight\spectral-core\src\spectral.ts:83:13)
    at async RapLPCustomSpectral.run (file:///C:/dev/rest-api-profil-lint-processor/src/util/RapLPCustomSpectral.ts:28:29)
    at async file:///C:/dev/rest-api-profil-lint-processor/src/app.ts:95:20
2024-05-31T14:03:35.361Z - Error: Error importing rules for category DokRules:, category тип Unable to compile TypeScript:
[96mrulesets/DokRules.ts[0m:[93m121[0m:[93m7[0m - [91merror[0m[90m TS2532: [0mObject is possibly 'undefined'.

[7m121[0m       this.trackRuleExecutionHandler(JSON.stringify(targetVal,null,2), _opts, paths,this.severity,
[7m   [0m [91m      ~~~~[0m
[96mrulesets/DokRules.ts[0m:[93m121[0m:[93m53[0m - [91merror[0m[90m TS2304: [0mCannot find name 'targetVal'.

[7m121[0m       this.trackRuleExecutionHandler(JSON.stringify(targetVal,null,2), _opts, paths,this.severity,
[7m   [0m [91m                                                    ~~~~~~~~~[0m
[96mrulesets/DokRules.ts[0m:[93m121[0m:[93m72[0m - [91merror[0m[90m TS2304: [0mCannot find name '_opts'.

[7m121[0m       this.trackRuleExecutionHandler(JSON.stringify(targetVal,null,2), _opts, paths,this.severity,
[7m   [0m [91m                                                                       ~~~~~[0m
[96mrulesets/DokRules.ts[0m:[93m121[0m:[93m79[0m - [91merror[0m[90m TS2304: [0mCannot find name 'paths'.

[7m121[0m       this.trackRuleExecutionHandler(JSON.stringify(targetVal,null,2), _opts, paths,this.severity,
[7m   [0m [91m                                                                              ~~~~~[0m
[96mrulesets/DokRules.ts[0m:[93m121[0m:[93m85[0m - [91merror[0m[90m TS2532: [0mObject is possibly 'undefined'.

[7m121[0m       this.trackRuleExecutionHandler(JSON.stringify(targetVal,null,2), _opts, paths,this.severity,
[7m   [0m [91m                                                                                    ~~~~[0m
[96mrulesets/DokRules.ts[0m:[93m122[0m:[93m7[0m - [91merror[0m[90m TS2532: [0mObject is possibly 'undefined'.

[7m122[0m       this.constructor.name, moduleName,Dok01.customProperties);
[7m   [0m [91m      ~~~~[0m
[96mrulesets/DokRules.ts[0m:[93m126[0m:[93m3[0m - [91merror[0m[90m TS2304: [0mCannot find name 'severity'.

[7m126[0m   severity = DiagnosticSeverity.Warning;
[7m   [0m [91m  ~~~~~~~~[0m
[96mrulesets/DokRules.ts[0m:[93m117[0m:[93m3[0m - [91merror[0m[90m TS1005: [0m',' expected.

[7m117[0m   },
[7m   [0m [91m  ~[0m
[96mrulesets/DokRules.ts[0m:[93m117[0m:[93m4[0m - [91merror[0m[90m TS1128: [0mDeclaration or statement expected.

[7m117[0m   },
[7m   [0m [91m   ~[0m
[96mrulesets/DokRules.ts[0m:[93m120[0m:[93m13[0m - [91merror[0m[90m TS1003: [0mIdentifier expected.

[7m120[0m     function: (targetVal: string, _opts: string, paths: string[]) => {
[7m   [0m [91m            ~[0m
[96mrulesets/DokRules.ts[0m:[93m121[0m:[93m7[0m - [91merror[0m[90m TS1131: [0mProperty or signature expected.

[7m121[0m       this.trackRuleExecutionHandler(JSON.stringify(targetVal,null,2), _opts, paths,this.severity,
[7m   [0m [91m      ~~~~[0m
[96mrulesets/DokRules.ts[0m:[93m124[0m:[93m3[0m - [91merror[0m[90m TS1128: [0mDeclaration or statement expected.

[7m124[0m   }
[7m   [0m [91m  ~[0m
[96mrulesets/DokRules.ts[0m:[93m125[0m:[93m1[0m - [91merror[0m[90m TS1128: [0mDeclaration or statement expected.

[7m125[0m ];
[7m   [0m [91m~[0m
[96mrulesets/DokRules.ts[0m:[93m127[0m:[93m1[0m - [91merror[0m[90m TS1128: [0mDeclaration or statement expected.

[7m127[0m }
[7m   [0m [91m~[0m

    at importRuleModule (file:///C:/dev/rest-api-profil-lint-processor/src/util/ruleUtil.ts:66:15)
    at async importRulesByCategory (file:///C:/dev/rest-api-profil-lint-processor/src/util/ruleUtil.ts:77:29)
    at async importAndCreateRuleInstances (file:///C:/dev/rest-api-profil-lint-processor/src/util/ruleUtil.ts:99:7)
    at async file:///C:/dev/rest-api-profil-lint-processor/src/app.ts:80:38
2024-05-31T14:08:49.703Z - AggregateError: Error running Nimma
    at Scope.destroy (C:\dev\rest-api-profil-lint-processor\node_modules\nimma\dist\legacy\cjs\runtime\scope.js:137:13)
    at Nimma.eval (eval at query (C:\dev\rest-api-profil-lint-processor\node_modules\nimma\dist\legacy\cjs\core\index.js:66:71), <anonymous>:65:11)
    at Nimma.query (C:\dev\rest-api-profil-lint-processor\node_modules\nimma\dist\legacy\cjs\core\index.js:68:71)
    at execute (C:\dev\rest-api-profil-lint-processor\node_modules\@stoplight\spectral-core\src\runner\runner.ts:96:9)
    at Runner.run (C:\dev\rest-api-profil-lint-processor\node_modules\@stoplight\spectral-core\src\runner\runner.ts:60:7)
    at Spectral.runWithResolved (C:\dev\rest-api-profil-lint-processor\node_modules\@stoplight\spectral-core\src\spectral.ts:70:18)
    at async Spectral.run (C:\dev\rest-api-profil-lint-processor\node_modules\@stoplight\spectral-core\src\spectral.ts:83:13)
    at async RapLPCustomSpectral.run (file:///C:/dev/rest-api-profil-lint-processor/src/util/RapLPCustomSpectral.ts:28:29)
    at async file:///C:/dev/rest-api-profil-lint-processor/src/app.ts:95:20
2024-05-31T14:08:49.717Z - AggregateError: Error running Nimma
    at Scope.destroy (C:\dev\rest-api-profil-lint-processor\node_modules\nimma\dist\legacy\cjs\runtime\scope.js:137:13)
    at Nimma.eval (eval at query (C:\dev\rest-api-profil-lint-processor\node_modules\nimma\dist\legacy\cjs\core\index.js:66:71), <anonymous>:65:11)
    at Nimma.query (C:\dev\rest-api-profil-lint-processor\node_modules\nimma\dist\legacy\cjs\core\index.js:68:71)
    at execute (C:\dev\rest-api-profil-lint-processor\node_modules\@stoplight\spectral-core\src\runner\runner.ts:96:9)
    at Runner.run (C:\dev\rest-api-profil-lint-processor\node_modules\@stoplight\spectral-core\src\runner\runner.ts:60:7)
    at Spectral.runWithResolved (C:\dev\rest-api-profil-lint-processor\node_modules\@stoplight\spectral-core\src\spectral.ts:70:18)
    at async Spectral.run (C:\dev\rest-api-profil-lint-processor\node_modules\@stoplight\spectral-core\src\spectral.ts:83:13)
    at async RapLPCustomSpectral.run (file:///C:/dev/rest-api-profil-lint-processor/src/util/RapLPCustomSpectral.ts:28:29)
    at async file:///C:/dev/rest-api-profil-lint-processor/src/app.ts:95:20
2024-05-31T14:10:38.907Z - Error: Error importing rules for category DokRules:, category тип Unable to compile TypeScript:
[96mrulesets/DokRules.ts[0m:[93m111[0m:[93m41[0m - [91merror[0m[90m TS1005: [0m';' expected.

[7m111[0m           for (let i = 0; i< obj.length i++ ){
[7m   [0m [91m                                        ~[0m

    at importRuleModule (file:///C:/dev/rest-api-profil-lint-processor/src/util/ruleUtil.ts:66:15)
    at async importRulesByCategory (file:///C:/dev/rest-api-profil-lint-processor/src/util/ruleUtil.ts:77:29)
    at async importAndCreateRuleInstances (file:///C:/dev/rest-api-profil-lint-processor/src/util/ruleUtil.ts:99:7)
    at async file:///C:/dev/rest-api-profil-lint-processor/src/app.ts:80:38
2024-05-31T14:19:11.532Z - Error: Error importing rules for category DokRules:, category тип Unable to compile TypeScript:
[96mrulesets/DokRules.ts[0m:[93m120[0m:[93m3[0m - [91merror[0m[90m TS1136: [0mProperty assignment expected.

[7m120[0m   {
[7m   [0m [91m  ~[0m

    at importRuleModule (file:///C:/dev/rest-api-profil-lint-processor/src/util/ruleUtil.ts:66:15)
    at async importRulesByCategory (file:///C:/dev/rest-api-profil-lint-processor/src/util/ruleUtil.ts:77:29)
    at async importAndCreateRuleInstances (file:///C:/dev/rest-api-profil-lint-processor/src/util/ruleUtil.ts:99:7)
    at async file:///C:/dev/rest-api-profil-lint-processor/src/app.ts:80:38
2024-05-31T14:27:35.943Z - Error: Error importing rules for category DokRules:, category тип Unable to compile TypeScript:
[96mrulesets/DokRules.ts[0m:[93m114[0m:[93m9[0m - [91merror[0m[90m TS1109: [0mExpression expected.

[7m114[0m         }
[7m   [0m [91m        ~[0m

    at importRuleModule (file:///C:/dev/rest-api-profil-lint-processor/src/util/ruleUtil.ts:66:15)
    at async importRulesByCategory (file:///C:/dev/rest-api-profil-lint-processor/src/util/ruleUtil.ts:77:29)
    at async importAndCreateRuleInstances (file:///C:/dev/rest-api-profil-lint-processor/src/util/ruleUtil.ts:99:7)
    at async file:///C:/dev/rest-api-profil-lint-processor/src/app.ts:80:38
2024-05-31T14:35:38.111Z - Error: Error importing rules for category DokRules:, category тип Unable to compile TypeScript:
[96mrulesets/DokRules.ts[0m:[93m122[0m:[93m3[0m - [91merror[0m[90m TS1136: [0mProperty assignment expected.

[7m122[0m   {
[7m   [0m [91m  ~[0m

    at importRuleModule (file:///C:/dev/rest-api-profil-lint-processor/src/util/ruleUtil.ts:66:15)
    at async importRulesByCategory (file:///C:/dev/rest-api-profil-lint-processor/src/util/ruleUtil.ts:77:29)
    at async importAndCreateRuleInstances (file:///C:/dev/rest-api-profil-lint-processor/src/util/ruleUtil.ts:99:7)
    at async file:///C:/dev/rest-api-profil-lint-processor/src/app.ts:80:38
2024-06-04T07:56:27.504Z - AggregateError: Error running Nimma
    at Scope.destroy (C:\dev\rest-api-profil-lint-processor\node_modules\nimma\dist\legacy\cjs\runtime\scope.js:137:13)
    at Nimma.eval (eval at query (C:\dev\rest-api-profil-lint-processor\node_modules\nimma\dist\legacy\cjs\core\index.js:66:71), <anonymous>:65:11)
    at Nimma.query (C:\dev\rest-api-profil-lint-processor\node_modules\nimma\dist\legacy\cjs\core\index.js:68:71)
    at execute (C:\dev\rest-api-profil-lint-processor\node_modules\@stoplight\spectral-core\src\runner\runner.ts:96:9)
    at Runner.run (C:\dev\rest-api-profil-lint-processor\node_modules\@stoplight\spectral-core\src\runner\runner.ts:60:7)
    at Spectral.runWithResolved (C:\dev\rest-api-profil-lint-processor\node_modules\@stoplight\spectral-core\src\spectral.ts:70:18)
    at async Spectral.run (C:\dev\rest-api-profil-lint-processor\node_modules\@stoplight\spectral-core\src\spectral.ts:83:13)
    at async RapLPCustomSpectral.run (file:///C:/dev/rest-api-profil-lint-processor/src/util/RapLPCustomSpectral.ts:28:29)
    at async file:///C:/dev/rest-api-profil-lint-processor/src/app.ts:95:20
2024-06-04T07:56:27.522Z - AggregateError: Error running Nimma
    at Scope.destroy (C:\dev\rest-api-profil-lint-processor\node_modules\nimma\dist\legacy\cjs\runtime\scope.js:137:13)
    at Nimma.eval (eval at query (C:\dev\rest-api-profil-lint-processor\node_modules\nimma\dist\legacy\cjs\core\index.js:66:71), <anonymous>:65:11)
    at Nimma.query (C:\dev\rest-api-profil-lint-processor\node_modules\nimma\dist\legacy\cjs\core\index.js:68:71)
    at execute (C:\dev\rest-api-profil-lint-processor\node_modules\@stoplight\spectral-core\src\runner\runner.ts:96:9)
    at Runner.run (C:\dev\rest-api-profil-lint-processor\node_modules\@stoplight\spectral-core\src\runner\runner.ts:60:7)
    at Spectral.runWithResolved (C:\dev\rest-api-profil-lint-processor\node_modules\@stoplight\spectral-core\src\spectral.ts:70:18)
    at async Spectral.run (C:\dev\rest-api-profil-lint-processor\node_modules\@stoplight\spectral-core\src\spectral.ts:83:13)
    at async RapLPCustomSpectral.run (file:///C:/dev/rest-api-profil-lint-processor/src/util/RapLPCustomSpectral.ts:28:29)
    at async file:///C:/dev/rest-api-profil-lint-processor/src/app.ts:95:20
2024-06-04T07:56:47.519Z - AggregateError: Error running Nimma
    at Scope.destroy (C:\dev\rest-api-profil-lint-processor\node_modules\nimma\dist\legacy\cjs\runtime\scope.js:137:13)
    at Nimma.eval (eval at query (C:\dev\rest-api-profil-lint-processor\node_modules\nimma\dist\legacy\cjs\core\index.js:66:71), <anonymous>:65:11)
    at Nimma.query (C:\dev\rest-api-profil-lint-processor\node_modules\nimma\dist\legacy\cjs\core\index.js:68:71)
    at execute (C:\dev\rest-api-profil-lint-processor\node_modules\@stoplight\spectral-core\src\runner\runner.ts:96:9)
    at Runner.run (C:\dev\rest-api-profil-lint-processor\node_modules\@stoplight\spectral-core\src\runner\runner.ts:60:7)
    at Spectral.runWithResolved (C:\dev\rest-api-profil-lint-processor\node_modules\@stoplight\spectral-core\src\spectral.ts:70:18)
    at async Spectral.run (C:\dev\rest-api-profil-lint-processor\node_modules\@stoplight\spectral-core\src\spectral.ts:83:13)
    at async RapLPCustomSpectral.run (file:///C:/dev/rest-api-profil-lint-processor/src/util/RapLPCustomSpectral.ts:28:29)
    at async file:///C:/dev/rest-api-profil-lint-processor/src/app.ts:95:20
2024-06-04T07:56:47.531Z - AggregateError: Error running Nimma
    at Scope.destroy (C:\dev\rest-api-profil-lint-processor\node_modules\nimma\dist\legacy\cjs\runtime\scope.js:137:13)
    at Nimma.eval (eval at query (C:\dev\rest-api-profil-lint-processor\node_modules\nimma\dist\legacy\cjs\core\index.js:66:71), <anonymous>:65:11)
    at Nimma.query (C:\dev\rest-api-profil-lint-processor\node_modules\nimma\dist\legacy\cjs\core\index.js:68:71)
    at execute (C:\dev\rest-api-profil-lint-processor\node_modules\@stoplight\spectral-core\src\runner\runner.ts:96:9)
    at Runner.run (C:\dev\rest-api-profil-lint-processor\node_modules\@stoplight\spectral-core\src\runner\runner.ts:60:7)
    at Spectral.runWithResolved (C:\dev\rest-api-profil-lint-processor\node_modules\@stoplight\spectral-core\src\spectral.ts:70:18)
    at async Spectral.run (C:\dev\rest-api-profil-lint-processor\node_modules\@stoplight\spectral-core\src\spectral.ts:83:13)
    at async RapLPCustomSpectral.run (file:///C:/dev/rest-api-profil-lint-processor/src/util/RapLPCustomSpectral.ts:28:29)
    at async file:///C:/dev/rest-api-profil-lint-processor/src/app.ts:95:20
2024-06-04T07:57:50.391Z - AggregateError: Error running Nimma
    at Scope.destroy (C:\dev\rest-api-profil-lint-processor\node_modules\nimma\dist\legacy\cjs\runtime\scope.js:137:13)
    at Nimma.eval (eval at query (C:\dev\rest-api-profil-lint-processor\node_modules\nimma\dist\legacy\cjs\core\index.js:66:71), <anonymous>:65:11)
    at Nimma.query (C:\dev\rest-api-profil-lint-processor\node_modules\nimma\dist\legacy\cjs\core\index.js:68:71)
    at execute (C:\dev\rest-api-profil-lint-processor\node_modules\@stoplight\spectral-core\src\runner\runner.ts:96:9)
    at Runner.run (C:\dev\rest-api-profil-lint-processor\node_modules\@stoplight\spectral-core\src\runner\runner.ts:60:7)
    at Spectral.runWithResolved (C:\dev\rest-api-profil-lint-processor\node_modules\@stoplight\spectral-core\src\spectral.ts:70:18)
    at async Spectral.run (C:\dev\rest-api-profil-lint-processor\node_modules\@stoplight\spectral-core\src\spectral.ts:83:13)
    at async RapLPCustomSpectral.run (file:///C:/dev/rest-api-profil-lint-processor/src/util/RapLPCustomSpectral.ts:28:29)
    at async file:///C:/dev/rest-api-profil-lint-processor/src/app.ts:95:20
2024-06-04T07:57:50.402Z - AggregateError: Error running Nimma
    at Scope.destroy (C:\dev\rest-api-profil-lint-processor\node_modules\nimma\dist\legacy\cjs\runtime\scope.js:137:13)
    at Nimma.eval (eval at query (C:\dev\rest-api-profil-lint-processor\node_modules\nimma\dist\legacy\cjs\core\index.js:66:71), <anonymous>:65:11)
    at Nimma.query (C:\dev\rest-api-profil-lint-processor\node_modules\nimma\dist\legacy\cjs\core\index.js:68:71)
    at execute (C:\dev\rest-api-profil-lint-processor\node_modules\@stoplight\spectral-core\src\runner\runner.ts:96:9)
    at Runner.run (C:\dev\rest-api-profil-lint-processor\node_modules\@stoplight\spectral-core\src\runner\runner.ts:60:7)
    at Spectral.runWithResolved (C:\dev\rest-api-profil-lint-processor\node_modules\@stoplight\spectral-core\src\spectral.ts:70:18)
    at async Spectral.run (C:\dev\rest-api-profil-lint-processor\node_modules\@stoplight\spectral-core\src\spectral.ts:83:13)
    at async RapLPCustomSpectral.run (file:///C:/dev/rest-api-profil-lint-processor/src/util/RapLPCustomSpectral.ts:28:29)
    at async file:///C:/dev/rest-api-profil-lint-processor/src/app.ts:95:20
2024-06-04T08:07:18.179Z - AggregateError: Error running Nimma
    at Scope.destroy (C:\dev\rest-api-profil-lint-processor\node_modules\nimma\dist\legacy\cjs\runtime\scope.js:137:13)
    at Nimma.eval (eval at query (C:\dev\rest-api-profil-lint-processor\node_modules\nimma\dist\legacy\cjs\core\index.js:66:71), <anonymous>:65:11)
    at Nimma.query (C:\dev\rest-api-profil-lint-processor\node_modules\nimma\dist\legacy\cjs\core\index.js:68:71)
    at execute (C:\dev\rest-api-profil-lint-processor\node_modules\@stoplight\spectral-core\src\runner\runner.ts:96:9)
    at Runner.run (C:\dev\rest-api-profil-lint-processor\node_modules\@stoplight\spectral-core\src\runner\runner.ts:60:7)
    at Spectral.runWithResolved (C:\dev\rest-api-profil-lint-processor\node_modules\@stoplight\spectral-core\src\spectral.ts:70:18)
    at async Spectral.run (C:\dev\rest-api-profil-lint-processor\node_modules\@stoplight\spectral-core\src\spectral.ts:83:13)
    at async RapLPCustomSpectral.run (file:///C:/dev/rest-api-profil-lint-processor/src/util/RapLPCustomSpectral.ts:28:29)
    at async file:///C:/dev/rest-api-profil-lint-processor/src/app.ts:95:20
2024-06-04T08:07:18.204Z - AggregateError: Error running Nimma
    at Scope.destroy (C:\dev\rest-api-profil-lint-processor\node_modules\nimma\dist\legacy\cjs\runtime\scope.js:137:13)
    at Nimma.eval (eval at query (C:\dev\rest-api-profil-lint-processor\node_modules\nimma\dist\legacy\cjs\core\index.js:66:71), <anonymous>:65:11)
    at Nimma.query (C:\dev\rest-api-profil-lint-processor\node_modules\nimma\dist\legacy\cjs\core\index.js:68:71)
    at execute (C:\dev\rest-api-profil-lint-processor\node_modules\@stoplight\spectral-core\src\runner\runner.ts:96:9)
    at Runner.run (C:\dev\rest-api-profil-lint-processor\node_modules\@stoplight\spectral-core\src\runner\runner.ts:60:7)
    at Spectral.runWithResolved (C:\dev\rest-api-profil-lint-processor\node_modules\@stoplight\spectral-core\src\spectral.ts:70:18)
    at async Spectral.run (C:\dev\rest-api-profil-lint-processor\node_modules\@stoplight\spectral-core\src\spectral.ts:83:13)
    at async RapLPCustomSpectral.run (file:///C:/dev/rest-api-profil-lint-processor/src/util/RapLPCustomSpectral.ts:28:29)
    at async file:///C:/dev/rest-api-profil-lint-processor/src/app.ts:95:20
2024-06-04T08:10:26.576Z - AggregateError: Error running Nimma
    at Scope.destroy (C:\dev\rest-api-profil-lint-processor\node_modules\nimma\dist\legacy\cjs\runtime\scope.js:137:13)
    at Nimma.eval (eval at query (C:\dev\rest-api-profil-lint-processor\node_modules\nimma\dist\legacy\cjs\core\index.js:66:71), <anonymous>:65:11)
    at Nimma.query (C:\dev\rest-api-profil-lint-processor\node_modules\nimma\dist\legacy\cjs\core\index.js:68:71)
    at execute (C:\dev\rest-api-profil-lint-processor\node_modules\@stoplight\spectral-core\src\runner\runner.ts:96:9)
    at Runner.run (C:\dev\rest-api-profil-lint-processor\node_modules\@stoplight\spectral-core\src\runner\runner.ts:60:7)
    at Spectral.runWithResolved (C:\dev\rest-api-profil-lint-processor\node_modules\@stoplight\spectral-core\src\spectral.ts:70:18)
    at async Spectral.run (C:\dev\rest-api-profil-lint-processor\node_modules\@stoplight\spectral-core\src\spectral.ts:83:13)
    at async RapLPCustomSpectral.run (file:///C:/dev/rest-api-profil-lint-processor/src/util/RapLPCustomSpectral.ts:28:29)
    at async file:///C:/dev/rest-api-profil-lint-processor/src/app.ts:95:20
2024-06-04T08:10:26.590Z - AggregateError: Error running Nimma
    at Scope.destroy (C:\dev\rest-api-profil-lint-processor\node_modules\nimma\dist\legacy\cjs\runtime\scope.js:137:13)
    at Nimma.eval (eval at query (C:\dev\rest-api-profil-lint-processor\node_modules\nimma\dist\legacy\cjs\core\index.js:66:71), <anonymous>:65:11)
    at Nimma.query (C:\dev\rest-api-profil-lint-processor\node_modules\nimma\dist\legacy\cjs\core\index.js:68:71)
    at execute (C:\dev\rest-api-profil-lint-processor\node_modules\@stoplight\spectral-core\src\runner\runner.ts:96:9)
    at Runner.run (C:\dev\rest-api-profil-lint-processor\node_modules\@stoplight\spectral-core\src\runner\runner.ts:60:7)
    at Spectral.runWithResolved (C:\dev\rest-api-profil-lint-processor\node_modules\@stoplight\spectral-core\src\spectral.ts:70:18)
    at async Spectral.run (C:\dev\rest-api-profil-lint-processor\node_modules\@stoplight\spectral-core\src\spectral.ts:83:13)
    at async RapLPCustomSpectral.run (file:///C:/dev/rest-api-profil-lint-processor/src/util/RapLPCustomSpectral.ts:28:29)
    at async file:///C:/dev/rest-api-profil-lint-processor/src/app.ts:95:20
2024-06-04T08:35:12.819Z - AggregateError: Error running Nimma
    at Scope.destroy (C:\dev\rest-api-profil-lint-processor\node_modules\nimma\dist\legacy\cjs\runtime\scope.js:137:13)
    at Nimma.eval (eval at query (C:\dev\rest-api-profil-lint-processor\node_modules\nimma\dist\legacy\cjs\core\index.js:66:71), <anonymous>:65:11)
    at Nimma.query (C:\dev\rest-api-profil-lint-processor\node_modules\nimma\dist\legacy\cjs\core\index.js:68:71)
    at execute (C:\dev\rest-api-profil-lint-processor\node_modules\@stoplight\spectral-core\src\runner\runner.ts:96:9)
    at Runner.run (C:\dev\rest-api-profil-lint-processor\node_modules\@stoplight\spectral-core\src\runner\runner.ts:60:7)
    at Spectral.runWithResolved (C:\dev\rest-api-profil-lint-processor\node_modules\@stoplight\spectral-core\src\spectral.ts:70:18)
    at async Spectral.run (C:\dev\rest-api-profil-lint-processor\node_modules\@stoplight\spectral-core\src\spectral.ts:83:13)
    at async RapLPCustomSpectral.run (file:///C:/dev/rest-api-profil-lint-processor/src/util/RapLPCustomSpectral.ts:28:29)
    at async file:///C:/dev/rest-api-profil-lint-processor/src/app.ts:95:20
2024-06-04T08:35:12.833Z - AggregateError: Error running Nimma
    at Scope.destroy (C:\dev\rest-api-profil-lint-processor\node_modules\nimma\dist\legacy\cjs\runtime\scope.js:137:13)
    at Nimma.eval (eval at query (C:\dev\rest-api-profil-lint-processor\node_modules\nimma\dist\legacy\cjs\core\index.js:66:71), <anonymous>:65:11)
    at Nimma.query (C:\dev\rest-api-profil-lint-processor\node_modules\nimma\dist\legacy\cjs\core\index.js:68:71)
    at execute (C:\dev\rest-api-profil-lint-processor\node_modules\@stoplight\spectral-core\src\runner\runner.ts:96:9)
    at Runner.run (C:\dev\rest-api-profil-lint-processor\node_modules\@stoplight\spectral-core\src\runner\runner.ts:60:7)
    at Spectral.runWithResolved (C:\dev\rest-api-profil-lint-processor\node_modules\@stoplight\spectral-core\src\spectral.ts:70:18)
    at async Spectral.run (C:\dev\rest-api-profil-lint-processor\node_modules\@stoplight\spectral-core\src\spectral.ts:83:13)
    at async RapLPCustomSpectral.run (file:///C:/dev/rest-api-profil-lint-processor/src/util/RapLPCustomSpectral.ts:28:29)
    at async file:///C:/dev/rest-api-profil-lint-processor/src/app.ts:95:20
2024-06-04T08:36:30.979Z - AggregateError: Error running Nimma
    at Scope.destroy (C:\dev\rest-api-profil-lint-processor\node_modules\nimma\dist\legacy\cjs\runtime\scope.js:137:13)
    at Nimma.eval (eval at query (C:\dev\rest-api-profil-lint-processor\node_modules\nimma\dist\legacy\cjs\core\index.js:66:71), <anonymous>:65:11)
    at Nimma.query (C:\dev\rest-api-profil-lint-processor\node_modules\nimma\dist\legacy\cjs\core\index.js:68:71)
    at execute (C:\dev\rest-api-profil-lint-processor\node_modules\@stoplight\spectral-core\src\runner\runner.ts:96:9)
    at Runner.run (C:\dev\rest-api-profil-lint-processor\node_modules\@stoplight\spectral-core\src\runner\runner.ts:60:7)
    at Spectral.runWithResolved (C:\dev\rest-api-profil-lint-processor\node_modules\@stoplight\spectral-core\src\spectral.ts:70:18)
    at async Spectral.run (C:\dev\rest-api-profil-lint-processor\node_modules\@stoplight\spectral-core\src\spectral.ts:83:13)
    at async RapLPCustomSpectral.run (file:///C:/dev/rest-api-profil-lint-processor/src/util/RapLPCustomSpectral.ts:28:29)
    at async file:///C:/dev/rest-api-profil-lint-processor/src/app.ts:95:20
2024-06-04T08:36:30.995Z - AggregateError: Error running Nimma
    at Scope.destroy (C:\dev\rest-api-profil-lint-processor\node_modules\nimma\dist\legacy\cjs\runtime\scope.js:137:13)
    at Nimma.eval (eval at query (C:\dev\rest-api-profil-lint-processor\node_modules\nimma\dist\legacy\cjs\core\index.js:66:71), <anonymous>:65:11)
    at Nimma.query (C:\dev\rest-api-profil-lint-processor\node_modules\nimma\dist\legacy\cjs\core\index.js:68:71)
    at execute (C:\dev\rest-api-profil-lint-processor\node_modules\@stoplight\spectral-core\src\runner\runner.ts:96:9)
    at Runner.run (C:\dev\rest-api-profil-lint-processor\node_modules\@stoplight\spectral-core\src\runner\runner.ts:60:7)
    at Spectral.runWithResolved (C:\dev\rest-api-profil-lint-processor\node_modules\@stoplight\spectral-core\src\spectral.ts:70:18)
    at async Spectral.run (C:\dev\rest-api-profil-lint-processor\node_modules\@stoplight\spectral-core\src\spectral.ts:83:13)
    at async RapLPCustomSpectral.run (file:///C:/dev/rest-api-profil-lint-processor/src/util/RapLPCustomSpectral.ts:28:29)
    at async file:///C:/dev/rest-api-profil-lint-processor/src/app.ts:95:20
2024-06-04T08:41:13.353Z - AggregateError: Error running Nimma
    at Scope.destroy (C:\dev\rest-api-profil-lint-processor\node_modules\nimma\dist\legacy\cjs\runtime\scope.js:137:13)
    at Nimma.eval (eval at query (C:\dev\rest-api-profil-lint-processor\node_modules\nimma\dist\legacy\cjs\core\index.js:66:71), <anonymous>:65:11)
    at Nimma.query (C:\dev\rest-api-profil-lint-processor\node_modules\nimma\dist\legacy\cjs\core\index.js:68:71)
    at execute (C:\dev\rest-api-profil-lint-processor\node_modules\@stoplight\spectral-core\src\runner\runner.ts:96:9)
    at Runner.run (C:\dev\rest-api-profil-lint-processor\node_modules\@stoplight\spectral-core\src\runner\runner.ts:60:7)
    at Spectral.runWithResolved (C:\dev\rest-api-profil-lint-processor\node_modules\@stoplight\spectral-core\src\spectral.ts:70:18)
    at async Spectral.run (C:\dev\rest-api-profil-lint-processor\node_modules\@stoplight\spectral-core\src\spectral.ts:83:13)
    at async RapLPCustomSpectral.run (file:///C:/dev/rest-api-profil-lint-processor/src/util/RapLPCustomSpectral.ts:28:29)
    at async file:///C:/dev/rest-api-profil-lint-processor/src/app.ts:95:20
2024-06-04T08:41:13.374Z - AggregateError: Error running Nimma
    at Scope.destroy (C:\dev\rest-api-profil-lint-processor\node_modules\nimma\dist\legacy\cjs\runtime\scope.js:137:13)
    at Nimma.eval (eval at query (C:\dev\rest-api-profil-lint-processor\node_modules\nimma\dist\legacy\cjs\core\index.js:66:71), <anonymous>:65:11)
    at Nimma.query (C:\dev\rest-api-profil-lint-processor\node_modules\nimma\dist\legacy\cjs\core\index.js:68:71)
    at execute (C:\dev\rest-api-profil-lint-processor\node_modules\@stoplight\spectral-core\src\runner\runner.ts:96:9)
    at Runner.run (C:\dev\rest-api-profil-lint-processor\node_modules\@stoplight\spectral-core\src\runner\runner.ts:60:7)
    at Spectral.runWithResolved (C:\dev\rest-api-profil-lint-processor\node_modules\@stoplight\spectral-core\src\spectral.ts:70:18)
    at async Spectral.run (C:\dev\rest-api-profil-lint-processor\node_modules\@stoplight\spectral-core\src\spectral.ts:83:13)
    at async RapLPCustomSpectral.run (file:///C:/dev/rest-api-profil-lint-processor/src/util/RapLPCustomSpectral.ts:28:29)
    at async file:///C:/dev/rest-api-profil-lint-processor/src/app.ts:95:20
2024-06-04T08:42:48.663Z - AggregateError: Error running Nimma
    at Scope.destroy (C:\dev\rest-api-profil-lint-processor\node_modules\nimma\dist\legacy\cjs\runtime\scope.js:137:13)
    at Nimma.eval (eval at query (C:\dev\rest-api-profil-lint-processor\node_modules\nimma\dist\legacy\cjs\core\index.js:66:71), <anonymous>:65:11)
    at Nimma.query (C:\dev\rest-api-profil-lint-processor\node_modules\nimma\dist\legacy\cjs\core\index.js:68:71)
    at execute (C:\dev\rest-api-profil-lint-processor\node_modules\@stoplight\spectral-core\src\runner\runner.ts:96:9)
    at Runner.run (C:\dev\rest-api-profil-lint-processor\node_modules\@stoplight\spectral-core\src\runner\runner.ts:60:7)
    at Spectral.runWithResolved (C:\dev\rest-api-profil-lint-processor\node_modules\@stoplight\spectral-core\src\spectral.ts:70:18)
    at async Spectral.run (C:\dev\rest-api-profil-lint-processor\node_modules\@stoplight\spectral-core\src\spectral.ts:83:13)
    at async RapLPCustomSpectral.run (file:///C:/dev/rest-api-profil-lint-processor/src/util/RapLPCustomSpectral.ts:28:29)
    at async file:///C:/dev/rest-api-profil-lint-processor/src/app.ts:95:20
2024-06-04T08:42:48.675Z - AggregateError: Error running Nimma
    at Scope.destroy (C:\dev\rest-api-profil-lint-processor\node_modules\nimma\dist\legacy\cjs\runtime\scope.js:137:13)
    at Nimma.eval (eval at query (C:\dev\rest-api-profil-lint-processor\node_modules\nimma\dist\legacy\cjs\core\index.js:66:71), <anonymous>:65:11)
    at Nimma.query (C:\dev\rest-api-profil-lint-processor\node_modules\nimma\dist\legacy\cjs\core\index.js:68:71)
    at execute (C:\dev\rest-api-profil-lint-processor\node_modules\@stoplight\spectral-core\src\runner\runner.ts:96:9)
    at Runner.run (C:\dev\rest-api-profil-lint-processor\node_modules\@stoplight\spectral-core\src\runner\runner.ts:60:7)
    at Spectral.runWithResolved (C:\dev\rest-api-profil-lint-processor\node_modules\@stoplight\spectral-core\src\spectral.ts:70:18)
    at async Spectral.run (C:\dev\rest-api-profil-lint-processor\node_modules\@stoplight\spectral-core\src\spectral.ts:83:13)
    at async RapLPCustomSpectral.run (file:///C:/dev/rest-api-profil-lint-processor/src/util/RapLPCustomSpectral.ts:28:29)
    at async file:///C:/dev/rest-api-profil-lint-processor/src/app.ts:95:20
